:: start logging

def fill_tile_array()
def render_tile_array()
add_water_plane()
def create_river(x, y)
def create_building(x, y)
def create_road(x, y)
def create_park(x, y)
def create_empty(x, y)
Filling Tiles array...
 Tiles[0][0] = RIVER
 Tiles[0][1] = BUILDING
 Tiles[0][2] = PARK
 Tiles[0][3] = BUILDING
 Tiles[0][4] = PARK
 Tiles[0][5] = PARK
 Tiles[0][6] = BUILDING
 Tiles[0][7] = BUILDING
 Tiles[0][8] = BUILDING
 Tiles[1][0] = BUILDING
 Tiles[1][1] = BUILDING
 Tiles[1][2] = BUILDING
 Tiles[1][3] = RIVER
 Tiles[1][4] = PARK
 Tiles[1][5] = BUILDING
 Tiles[1][6] = RIVER
 Tiles[1][7] = PARK
 Tiles[1][8] = BUILDING
 Tiles[2][0] = BUILDING
 Tiles[2][1] = RIVER
 Tiles[2][2] = PARK
 Tiles[2][3] = BUILDING
 Tiles[2][4] = RIVER
 Tiles[2][5] = RIVER
 Tiles[2][6] = RIVER
 Tiles[2][7] = PARK
 Tiles[2][8] = BUILDING
 Tiles[3][0] = RIVER
 Tiles[3][1] = PARK
 Tiles[3][2] = PARK
 Tiles[3][3] = BUILDING
 Tiles[3][4] = BUILDING
 Tiles[3][5] = RIVER
 Tiles[3][6] = BUILDING
 Tiles[3][7] = BUILDING
 Tiles[3][8] = RIVER
 Tiles[4][0] = BUILDING
 Tiles[4][1] = RIVER
 Tiles[4][2] = RIVER
 Tiles[4][3] = BUILDING
 Tiles[4][4] = BUILDING
 Tiles[4][5] = RIVER
 Tiles[4][6] = BUILDING
 Tiles[4][7] = BUILDING
 Tiles[4][8] = BUILDING
 Tiles[5][0] = BUILDING
 Tiles[5][1] = BUILDING
 Tiles[5][2] = BUILDING
 Tiles[5][3] = BUILDING
 Tiles[5][4] = BUILDING
 Tiles[5][5] = BUILDING
 Tiles[5][6] = RIVER
 Tiles[5][7] = BUILDING
 Tiles[5][8] = PARK
 Tiles[6][0] = BUILDING
 Tiles[6][1] = BUILDING
 Tiles[6][2] = BUILDING
 Tiles[6][3] = PARK
 Tiles[6][4] = PARK
 Tiles[6][5] = PARK
 Tiles[6][6] = RIVER
 Tiles[6][7] = PARK
 Tiles[6][8] = BUILDING
 Tiles[7][0] = BUILDING
 Tiles[7][1] = PARK
 Tiles[7][2] = BUILDING
 Tiles[7][3] = BUILDING
 Tiles[7][4] = BUILDING
 Tiles[7][5] = BUILDING
 Tiles[7][6] = PARK
 Tiles[7][7] = RIVER
 Tiles[7][8] = BUILDING
 Tiles[8][0] = BUILDING
 Tiles[8][1] = BUILDING
 Tiles[8][2] = PARK
 Tiles[8][3] = RIVER
 Tiles[8][4] = BUILDING
 Tiles[8][5] = BUILDING
 Tiles[8][6] = RIVER
 Tiles[8][7] = RIVER
 Tiles[8][8] = BUILDING
Done.
Create from Tiles array...
 Tile [0,0] RIVER Created
 Tile [0,1] BUILDING Created
 Tile [0,2] PARK Created
 Tile [0,3] BUILDING Created
 Tile [0,4] PARK Created
 Tile [0,5] PARK Created
 Tile [0,6] BUILDING Created
 Tile [0,7] BUILDING Created
 Tile [0,8] BUILDING Created
 Tile [1,0] BUILDING Created
 Tile [1,1] BUILDING Created
 Tile [1,2] BUILDING Created
 Tile [1,3] RIVER Created
 Tile [1,4] PARK Created
 Tile [1,5] BUILDING Created
 Tile [1,6] RIVER Created
 Tile [1,7] PARK Created
 Tile [1,8] BUILDING Created
 Tile [2,0] BUILDING Created
 Tile [2,1] RIVER Created
 Tile [2,2] PARK Created
 Tile [2,3] BUILDING Created
 Tile [2,4] RIVER Created
 Tile [2,5] RIVER Created
 Tile [2,6] RIVER Created
 Tile [2,7] PARK Created
 Tile [2,8] BUILDING Created
 Tile [3,0] RIVER Created
 Tile [3,1] PARK Created
 Tile [3,2] PARK Created
 Tile [3,3] BUILDING Created
 Tile [3,4] BUILDING Created
 Tile [3,5] RIVER Created
 Tile [3,6] BUILDING Created
 Tile [3,7] BUILDING Created
 Tile [3,8] RIVER Created
 Tile [4,0] BUILDING Created
 Tile [4,1] RIVER Created
 Tile [4,2] RIVER Created
 Tile [4,3] BUILDING Created
 Tile [4,4] BUILDING Created
 Tile [4,5] RIVER Created
 Tile [4,6] BUILDING Created
 Tile [4,7] BUILDING Created
 Tile [4,8] BUILDING Created
 Tile [5,0] BUILDING Created
 Tile [5,1] BUILDING Created
 Tile [5,2] BUILDING Created
 Tile [5,3] BUILDING Created
 Tile [5,4] BUILDING Created
 Tile [5,5] BUILDING Created
 Tile [5,6] RIVER Created
 Tile [5,7] BUILDING Created
 Tile [5,8] PARK Created
 Tile [6,0] BUILDING Created
 Tile [6,1] BUILDING Created
 Tile [6,2] BUILDING Created
 Tile [6,3] PARK Created
 Tile [6,4] PARK Created
 Tile [6,5] PARK Created
 Tile [6,6] RIVER Created
 Tile [6,7] PARK Created
 Tile [6,8] BUILDING Created
 Tile [7,0] BUILDING Created
 Tile [7,1] PARK Created
 Tile [7,2] BUILDING Created
 Tile [7,3] BUILDING Created
 Tile [7,4] BUILDING Created
 Tile [7,5] BUILDING Created
 Tile [7,6] PARK Created
 Tile [7,7] RIVER Created
 Tile [7,8] BUILDING Created
 Tile [8,0] BUILDING Created
 Tile [8,1] BUILDING Created
 Tile [8,2] PARK Created
 Tile [8,3] RIVER Created
 Tile [8,4] BUILDING Created
 Tile [8,5] BUILDING Created
 Tile [8,6] RIVER Created
 Tile [8,7] RIVER Created
 Tile [8,8] BUILDING Created
Done.
Create Water Plane...
Done.
Total Time (H:M:S): 0:0:8.6

:: end
