[0:0:0.0] start logging
[0:0:0.0] fill_tile_array called...
[0:0:0.0] [0,0] = PARK
[0:0:0.0] [0,1] = PARK
[0:0:0.0] [0,2] = PARK
[0:0:0.0] [0,3] = PARK
[0:0:0.0] [0,4] = PARK
[0:0:0.0] [1,0] = PARK
[0:0:0.0] [1,1] = PARK
[0:0:0.0] [1,2] = PARK
[0:0:0.0] [1,3] = PARK
[0:0:0.0] [1,4] = PARK
[0:0:0.0] [2,0] = PARK
[0:0:0.0] [2,1] = PARK
[0:0:0.0] [2,2] = PARK
[0:0:0.0] [2,3] = PARK
[0:0:0.0] [2,4] = PARK
[0:0:0.0] [3,0] = PARK
[0:0:0.0] [3,1] = PARK
[0:0:0.0] [3,2] = PARK
[0:0:0.0] [3,3] = PARK
[0:0:0.0] [3,4] = PARK
[0:0:0.0] [4,0] = PARK
[0:0:0.0] [4,1] = PARK
[0:0:0.0] [4,2] = PARK
[0:0:0.0] [4,3] = PARK
[0:0:0.0] [4,4] = PARK
[0:0:0.0] render_tile_array called...
[0:0:0.1] [0,0] PARK Created
[0:0:0.1] Generating 4 cars at [-7,-6]
[0:0:0.3] Generating 0 cars at [-6,-7]
[0:0:0.3] Generating 6 cars at [-7,-6]
[0:0:0.7] Generating 7 cars at [-6,-7]
[0:0:1.1] Generating 4 cars at [-4,-6]
[0:0:1.4] Generating 0 cars at [-6,-4]
[0:0:1.6] [0,1] PARK Created
[0:0:1.6] Generating 6 cars at [-7,-3]
[0:0:2.0] Generating 6 cars at [-7,-3]
[0:0:2.4] Generating 2 cars at [-6,-4]
[0:0:2.6] Generating 6 cars at [-4,-3]
[0:0:3.0] Generating 0 cars at [-6,-1]
[0:0:3.1] [0,2] PARK Created
[0:0:3.1] Generating 3 cars at [-7,0]
[0:0:3.4] Generating 6 cars at [-7,0]
[0:0:3.8] Generating 4 cars at [-6,-1]
[0:0:4.1] Generating 5 cars at [-4,0]
[0:0:4.5] Generating 7 cars at [-6,1]
[0:0:5.4] [0,3] PARK Created
[0:0:5.4] Generating 7 cars at [-7,3]
[0:0:6.0] Generating 2 cars at [-7,3]
[0:0:6.1] Generating 1 cars at [-6,1]
[0:0:6.2] Generating 1 cars at [-4,3]
[0:0:6.3] Generating 5 cars at [-6,4]
[0:0:7.0] [0,4] PARK Created
[0:0:7.0] Generating 5 cars at [-7,6]
[0:0:7.5] Generating 5 cars at [-6,7]
[0:0:8.0] Generating 7 cars at [-7,6]
[0:0:8.7] Generating 1 cars at [-6,4]
[0:0:8.8] Generating 0 cars at [-4,6]
[0:0:8.8] Generating 2 cars at [-6,7]
[0:0:9.3] [1,0] PARK Created
[0:0:9.3] Generating 4 cars at [-3,-7]
[0:0:9.8] Generating 4 cars at [-4,-6]
[0:0:10.2] Generating 7 cars at [-3,-7]
[0:0:11.0] Generating 3 cars at [-1,-6]
[0:0:11.4] Generating 0 cars at [-3,-4]
[0:0:11.6] [1,1] PARK Created
[0:0:11.6] Generating 1 cars at [-4,-3]
[0:0:11.8] Generating 3 cars at [-3,-4]
[0:0:12.1] Generating 1 cars at [-1,-3]
[0:0:12.2] Generating 4 cars at [-3,-1]
[0:0:13.1] [1,2] PARK Created
[0:0:13.1] Generating 3 cars at [-4,0]
[0:0:13.5] Generating 7 cars at [-3,-1]
[0:0:14.4] Generating 0 cars at [-1,0]
[0:0:14.4] Generating 0 cars at [-3,1]
[0:0:14.8] [1,3] PARK Created
[0:0:14.8] Generating 3 cars at [-4,3]
[0:0:15.2] Generating 4 cars at [-3,1]
[0:0:15.8] Generating 3 cars at [-1,3]
[0:0:16.2] Generating 2 cars at [-3,4]
[0:0:16.9] [1,4] PARK Created
[0:0:16.9] Generating 6 cars at [-3,7]
[0:0:17.7] Generating 3 cars at [-4,6]
[0:0:18.2] Generating 3 cars at [-3,4]
[0:0:18.6] Generating 1 cars at [-1,6]
[0:0:18.8] Generating 7 cars at [-3,7]
[0:0:20.1] [2,0] PARK Created
[0:0:20.1] Generating 0 cars at [0,-7]
[0:0:20.1] Generating 7 cars at [-1,-6]
[0:0:21.2] Generating 5 cars at [0,-7]
[0:0:22.0] Generating 5 cars at [1,-6]
[0:0:22.9] Generating 7 cars at [0,-4]
[0:0:24.3] [2,1] PARK Created
[0:0:24.3] Generating 4 cars at [-1,-3]
[0:0:25.0] Generating 1 cars at [0,-4]
[0:0:25.2] Generating 1 cars at [1,-3]
[0:0:25.4] Generating 0 cars at [0,-1]
[0:0:26.2] [2,2] PARK Created
[0:0:26.2] Generating 7 cars at [-1,0]
[0:0:27.6] Generating 2 cars at [0,-1]
[0:0:28.0] Generating 3 cars at [1,0]
[0:0:28.6] Generating 2 cars at [0,1]
[0:0:29.3] [2,3] PARK Created
[0:0:29.3] Generating 6 cars at [-1,3]
[0:0:30.5] Generating 0 cars at [0,1]
[0:0:30.5] Generating 5 cars at [1,3]
[0:0:31.5] Generating 3 cars at [0,4]
[0:0:32.8] [2,4] PARK Created
[0:0:32.8] Generating 4 cars at [0,7]
[0:0:33.6] Generating 1 cars at [-1,6]
[0:0:33.9] Generating 6 cars at [0,4]
[0:0:35.3] Generating 0 cars at [1,6]
[0:0:35.3] Generating 5 cars at [0,7]
[0:0:37.4] [3,0] PARK Created
[0:0:37.4] Generating 1 cars at [3,-7]
[0:0:37.7] Generating 1 cars at [1,-6]
[0:0:37.9] Generating 5 cars at [3,-7]
[0:0:39.2] Generating 4 cars at [4,-6]
[0:0:40.1] Generating 2 cars at [3,-4]
[0:0:41.3] [3,1] PARK Created
[0:0:41.3] Generating 7 cars at [1,-3]
[0:0:43.1] Generating 6 cars at [3,-4]
[0:0:44.6] Generating 7 cars at [4,-3]
[0:0:46.5] Generating 3 cars at [3,-1]
[0:0:48.5] [3,2] PARK Created
[0:0:48.5] Generating 2 cars at [1,0]
[0:0:49.0] Generating 1 cars at [3,-1]
[0:0:49.3] Generating 4 cars at [4,0]
[0:0:50.4] Generating 0 cars at [3,1]
[0:0:51.5] [3,3] PARK Created
[0:0:51.5] Generating 3 cars at [1,3]
[0:0:52.4] Generating 0 cars at [3,1]
[0:0:52.4] Generating 0 cars at [4,3]
[0:0:52.4] Generating 1 cars at [3,4]
[0:0:53.0] [3,4] PARK Created
[0:0:53.0] Generating 2 cars at [3,7]
[0:0:53.6] Generating 7 cars at [1,6]
[0:0:55.8] Generating 5 cars at [3,4]
[0:0:57.3] Generating 3 cars at [4,6]
[0:0:58.3] Generating 2 cars at [3,7]
[0:1:0.0] [4,0] PARK Created
[0:1:0.0] Generating 2 cars at [6,-7]
[0:1:0.7] Generating 2 cars at [7,-6]
[0:1:1.4] Generating 5 cars at [4,-6]
[0:1:3.1] Generating 2 cars at [6,-7]
[0:1:3.7] Generating 7 cars at [7,-6]
[0:1:6.1] Generating 4 cars at [6,-4]
[0:1:8.4] [4,1] PARK Created
[0:1:8.4] Generating 3 cars at [7,-3]
[0:1:9.4] Generating 7 cars at [4,-3]
[0:1:11.9] Generating 2 cars at [6,-4]
[0:1:12.6] Generating 5 cars at [7,-3]
[0:1:14.4] Generating 0 cars at [6,-1]
[0:1:16.0] [4,2] PARK Created
[0:1:16.0] Generating 3 cars at [7,0]
[0:1:17.2] Generating 5 cars at [4,0]
[0:1:19.1] Generating 7 cars at [6,-1]
[0:1:21.9] Generating 6 cars at [7,0]
[0:1:24.3] Generating 5 cars at [6,1]
[0:1:27.8] [4,3] PARK Created
[0:1:27.8] Generating 2 cars at [7,3]
[0:1:28.7] Generating 1 cars at [4,3]
[0:1:29.1] Generating 4 cars at [6,1]
[0:1:30.8] Generating 1 cars at [7,3]
[0:1:31.3] Generating 3 cars at [6,4]
[0:1:33.8] [4,4] PARK Created
[0:1:33.8] Generating 1 cars at [7,6]
[0:1:34.2] Generating 4 cars at [6,7]
[0:1:36.0] Generating 0 cars at [4,6]
[0:1:36.0] Generating 5 cars at [6,4]
[0:1:38.3] Generating 3 cars at [7,6]
[0:1:39.7] Generating 6 cars at [6,7]
[0:1:42.5] Creating the ground...
[0:1:42.6] create_city_border called...
[0:1:42.6] Creating the beach front...
[0:1:43.5] Beach random variation
[0:1:44.2] Creating the mountain outskirts...
[0:1:44.8] Mountain random variation in X
[0:1:57.9] Mountain random variation in Y
[0:2:13.3] Creating the skybox...
[0:2:13.6] Creating the sea level...
[0:2:13.8] Setting up the cameras...
[0:2:14.4] Taking pictures of the city...
[0:2:17.9] Tiles Rows: 5
[0:2:17.9] Tiles Cols: 5
[0:2:17.9] end logging
