[0:0:0.0] start logging
[0:0:0.0] fill_tile_array called...
[0:0:0.0] [0,0] = BUILDING
[0:0:0.0] [0,1] = PARK
[0:0:0.0] [0,2] = BUILDING
[0:0:0.0] [0,3] = BUILDING
[0:0:0.0] [0,4] = BUILDING
[0:0:0.0] [1,0] = BUILDING
[0:0:0.0] [1,1] = BUILDING
[0:0:0.0] [1,2] = BUILDING
[0:0:0.0] [1,3] = BUILDING
[0:0:0.0] [1,4] = BUILDING
[0:0:0.0] [2,0] = BUILDING
[0:0:0.0] [2,1] = BUILDING
[0:0:0.0] [2,2] = BUILDING
[0:0:0.0] [2,3] = BUILDING
[0:0:0.0] [2,4] = BUILDING
[0:0:0.0] [3,0] = BUILDING
[0:0:0.0] [3,1] = BUILDING
[0:0:0.0] [3,2] = BUILDING
[0:0:0.0] [3,3] = BUILDING
[0:0:0.0] [3,4] = BUILDING
[0:0:0.0] [4,0] = PARK
[0:0:0.0] [4,1] = BUILDING
[0:0:0.0] [4,2] = BUILDING
[0:0:0.0] [4,3] = PARK
[0:0:0.0] [4,4] = PARK
[0:0:0.0] render_tile_array called...
[0:0:0.0] Generating 6 cars at [-6,-5]
[0:0:0.3] Generating 4 cars at [-6,-6]
[0:0:0.7] [0,0] BUILDING Created
[0:0:0.7] Generating 5 cars at [-7,-6]
[0:0:1.0] Generating 0 cars at [-6,-7]
[0:0:1.0] Generating 0 cars at [-7,-6]
[0:0:1.0] Generating 7 cars at [-6,-7]
[0:0:1.5] Generating 7 cars at [-4,-6]
[0:0:1.9] Generating 2 cars at [-6,-4]
[0:0:2.2] [0,1] PARK Created
[0:0:2.2] Generating 2 cars at [-7,-3]
[0:0:2.3] Generating 1 cars at [-7,-3]
[0:0:2.4] Generating 2 cars at [-6,-4]
[0:0:2.5] Generating 1 cars at [-4,-3]
[0:0:2.6] Generating 0 cars at [-6,-1]
[0:0:2.7] [0,2] BUILDING Created
[0:0:2.7] Generating 4 cars at [-7,0]
[0:0:3.0] Generating 1 cars at [-7,0]
[0:0:3.0] Generating 2 cars at [-6,-1]
[0:0:3.2] Generating 6 cars at [-4,0]
[0:0:3.6] Generating 4 cars at [-6,1]
[0:0:3.9] Generating 6 cars at [-6,3]
[0:0:4.4] Generating 5 cars at [-6,2]
[0:0:5.0] [0,3] BUILDING Created
[0:0:5.0] Generating 0 cars at [-7,3]
[0:0:5.0] Generating 4 cars at [-7,3]
[0:0:5.3] Generating 6 cars at [-6,1]
[0:0:5.8] Generating 7 cars at [-4,3]
[0:0:6.5] Generating 0 cars at [-6,4]
[0:0:7.0] [0,4] BUILDING Created
[0:0:7.0] Generating 5 cars at [-7,6]
[0:0:7.5] Generating 1 cars at [-6,7]
[0:0:7.6] Generating 4 cars at [-7,6]
[0:0:8.0] Generating 2 cars at [-6,4]
[0:0:8.2] Generating 2 cars at [-4,6]
[0:0:8.4] Generating 1 cars at [-6,7]
[0:0:8.7] [1,0] BUILDING Created
[0:0:8.7] Generating 4 cars at [-3,-7]
[0:0:9.1] Generating 6 cars at [-4,-6]
[0:0:9.7] Generating 2 cars at [-3,-7]
[0:0:9.9] Generating 6 cars at [-1,-6]
[0:0:10.6] Generating 1 cars at [-3,-4]
[0:0:11.4] [1,1] BUILDING Created
[0:0:11.4] Generating 3 cars at [-4,-3]
[0:0:11.7] Generating 1 cars at [-3,-4]
[0:0:11.8] Generating 3 cars at [-1,-3]
[0:0:12.2] Generating 2 cars at [-3,-1]
[0:0:12.5] Generating 3 cars at [-3,0]
[0:0:12.9] Generating 3 cars at [-2,0]
[0:0:13.6] [1,2] BUILDING Created
[0:0:13.6] Generating 5 cars at [-4,0]
[0:0:14.3] Generating 0 cars at [-3,-1]
[0:0:14.3] Generating 7 cars at [-1,0]
[0:0:15.2] Generating 6 cars at [-3,1]
[0:0:16.3] [1,3] BUILDING Created
[0:0:16.3] Generating 1 cars at [-4,3]
[0:0:16.5] Generating 7 cars at [-3,1]
[0:0:17.5] Generating 7 cars at [-1,3]
[0:0:18.7] Generating 7 cars at [-3,4]
[0:0:20.0] [1,4] BUILDING Created
[0:0:20.0] Generating 4 cars at [-3,7]
[0:0:20.7] Generating 4 cars at [-4,6]
[0:0:21.4] Generating 4 cars at [-3,4]
[0:0:22.1] Generating 2 cars at [-1,6]
[0:0:22.5] Generating 5 cars at [-3,7]
[0:0:23.4] Generating 7 cars at [0,-6]
[0:0:24.8] Generating 3 cars at [0,-6]
[0:0:25.8] [2,0] BUILDING Created
[0:0:25.8] Generating 5 cars at [0,-7]
[0:0:26.8] Generating 2 cars at [-1,-6]
[0:0:27.2] Generating 7 cars at [0,-7]
[0:0:28.8] Generating 7 cars at [1,-6]
[0:0:30.4] Generating 1 cars at [0,-4]
[0:0:31.9] [2,1] BUILDING Created
[0:0:31.9] Generating 5 cars at [-1,-3]
[0:0:33.0] Generating 3 cars at [0,-4]
[0:0:33.7] Generating 1 cars at [1,-3]
[0:0:33.9] Generating 2 cars at [0,-1]
[0:0:35.7] [2,2] BUILDING Created
[0:0:35.7] Generating 5 cars at [-1,0]
[0:0:37.0] Generating 2 cars at [0,-1]
[0:0:37.4] Generating 6 cars at [1,0]
[0:0:39.0] Generating 2 cars at [0,1]
[0:0:40.9] [2,3] BUILDING Created
[0:0:40.9] Generating 1 cars at [-1,3]
[0:0:41.2] Generating 2 cars at [0,1]
[0:0:41.7] Generating 1 cars at [1,3]
[0:0:42.0] Generating 5 cars at [0,4]
[0:0:43.3] Generating 4 cars at [0,6]
[0:0:44.5] Generating 6 cars at [0,6]
[0:0:46.8] [2,4] BUILDING Created
[0:0:46.8] Generating 7 cars at [0,7]
[0:0:48.9] Generating 5 cars at [-1,6]
[0:0:50.4] Generating 5 cars at [0,4]
[0:0:51.9] Generating 7 cars at [1,6]
[0:0:54.0] Generating 1 cars at [0,7]
[0:0:55.7] [3,0] BUILDING Created
[0:0:55.7] Generating 5 cars at [3,-7]
[0:0:57.4] Generating 5 cars at [1,-6]
[0:0:59.2] Generating 1 cars at [3,-7]
[0:0:59.5] Generating 5 cars at [4,-6]
[0:1:1.3] Generating 3 cars at [3,-4]
[0:1:3.5] [3,1] BUILDING Created
[0:1:3.5] Generating 4 cars at [1,-3]
[0:1:5.0] Generating 6 cars at [3,-4]
[0:1:7.2] Generating 4 cars at [4,-3]
[0:1:8.7] Generating 0 cars at [3,-1]
[0:1:9.6] [3,2] BUILDING Created
[0:1:9.6] Generating 7 cars at [1,0]
[0:1:12.1] Generating 4 cars at [3,-1]
[0:1:13.6] Generating 6 cars at [4,0]
[0:1:16.0] Generating 1 cars at [3,1]
[0:1:17.7] [3,3] BUILDING Created
[0:1:17.7] Generating 3 cars at [1,3]
[0:1:18.9] Generating 7 cars at [3,1]
[0:1:21.8] Generating 4 cars at [4,3]
[0:1:23.5] Generating 2 cars at [3,4]
[0:1:24.3] Generating 0 cars at [2,6]
[0:1:24.3] Generating 1 cars at [3,6]
[0:1:25.6] [3,4] BUILDING Created
[0:1:25.6] Generating 3 cars at [3,7]
[0:1:26.9] Generating 5 cars at [1,6]
[0:1:29.6] Generating 3 cars at [3,4]
[0:1:30.9] Generating 5 cars at [4,6]
[0:1:33.1] Generating 3 cars at [3,7]
[0:1:35.8] [4,0] PARK Created
[0:1:35.8] Generating 4 cars at [6,-7]
[0:1:37.7] Generating 2 cars at [7,-6]
[0:1:38.7] Generating 0 cars at [4,-6]
[0:1:38.7] Generating 0 cars at [6,-7]
[0:1:38.7] Generating 2 cars at [7,-6]
[0:1:39.6] Generating 7 cars at [6,-4]
[0:1:43.1] Generating 7 cars at [5,-3]
[0:1:46.6] Generating 5 cars at [6,-3]
[0:1:50.2] [4,1] BUILDING Created
[0:1:50.2] Generating 1 cars at [7,-3]
[0:1:50.7] Generating 1 cars at [4,-3]
[0:1:51.2] Generating 0 cars at [6,-4]
[0:1:51.2] Generating 5 cars at [7,-3]
[0:1:53.9] Generating 3 cars at [6,-1]
[0:1:55.4] Generating 2 cars at [5,0]
[0:1:56.5] Generating 5 cars at [6,0]
[0:2:0.2] [4,2] BUILDING Created
[0:2:0.2] Generating 4 cars at [7,0]
[0:2:2.5] Generating 4 cars at [4,0]
[0:2:4.8] Generating 2 cars at [6,-1]
[0:2:5.9] Generating 7 cars at [7,0]
[0:2:9.9] Generating 5 cars at [6,1]
[0:2:14.9] [4,3] PARK Created
[0:2:14.9] Generating 2 cars at [7,3]
[0:2:16.1] Generating 2 cars at [4,3]
[0:2:17.3] Generating 3 cars at [6,1]
[0:2:19.2] Generating 7 cars at [7,3]
[0:2:23.5] Generating 0 cars at [6,4]
[0:2:26.3] [4,4] PARK Created
[0:2:26.3] Generating 2 cars at [7,6]
[0:2:27.6] Generating 4 cars at [6,7]
[0:2:30.1] Generating 2 cars at [4,6]
[0:2:31.4] Generating 5 cars at [6,4]
[0:2:34.6] Generating 7 cars at [7,6]
[0:2:39.1] Generating 3 cars at [6,7]
[0:2:41.0] Creating the ground...
[0:2:41.2] create_city_border called...
[0:2:41.2] Creating the beach front...
[0:2:42.4] Beach random variation
[0:2:43.4] Creating the mountain outskirts...
[0:2:44.2] Mountain random variation in X
[0:3:0.2] Mountain random variation in Y
[0:3:16.9] Creating the skybox...
[0:3:17.3] Creating the sea level...
[0:3:17.5] Setting up the cameras...
[0:3:18.4] Taking pictures of the city...
[0:3:21.3] Tiles Rows: 5
[0:3:21.3] Tiles Cols: 5
[0:3:21.3] end logging
