[0:0:0.0] start logging
[0:0:0.0] fill_tile_array called...
[0:0:0.0] [0,0] = BUILDING
[0:0:0.0] [0,1] = BUILDING
[0:0:0.0] [0,2] = BUILDING
[0:0:0.0] [0,3] = BUILDING
[0:0:0.0] [0,4] = PARK
[0:0:0.0] [0,5] = BUILDING
[0:0:0.0] [0,6] = BUILDING
[0:0:0.0] [0,7] = BUILDING
[0:0:0.0] [1,0] = BUILDING
[0:0:0.0] [1,1] = BUILDING
[0:0:0.0] [1,2] = BUILDING
[0:0:0.0] [1,3] = BUILDING
[0:0:0.0] [1,4] = BUILDING
[0:0:0.0] [1,5] = BUILDING
[0:0:0.0] [1,6] = PARK
[0:0:0.0] [1,7] = BUILDING
[0:0:0.0] [2,0] = BUILDING
[0:0:0.0] [2,1] = BUILDING
[0:0:0.0] [2,2] = BUILDING
[0:0:0.0] [2,3] = BUILDING
[0:0:0.0] [2,4] = BUILDING
[0:0:0.0] [2,5] = BUILDING
[0:0:0.0] [2,6] = PARK
[0:0:0.0] [2,7] = BUILDING
[0:0:0.0] [3,0] = PARK
[0:0:0.0] [3,1] = BUILDING
[0:0:0.0] [3,2] = BUILDING
[0:0:0.0] [3,3] = BUILDING
[0:0:0.0] [3,4] = BUILDING
[0:0:0.0] [3,5] = BUILDING
[0:0:0.0] [3,6] = BUILDING
[0:0:0.0] [3,7] = BUILDING
[0:0:0.0] [4,0] = BUILDING
[0:0:0.0] [4,1] = BUILDING
[0:0:0.0] [4,2] = BUILDING
[0:0:0.0] [4,3] = BUILDING
[0:0:0.0] [4,4] = PARK
[0:0:0.0] [4,5] = BUILDING
[0:0:0.0] [4,6] = BUILDING
[0:0:0.0] [4,7] = BUILDING
[0:0:0.0] [5,0] = BUILDING
[0:0:0.0] [5,1] = BUILDING
[0:0:0.0] [5,2] = BUILDING
[0:0:0.0] [5,3] = BUILDING
[0:0:0.0] [5,4] = BUILDING
[0:0:0.0] [5,5] = BUILDING
[0:0:0.0] [5,6] = BUILDING
[0:0:0.0] [5,7] = BUILDING
[0:0:0.0] [6,0] = BUILDING
[0:0:0.0] [6,1] = BUILDING
[0:0:0.0] [6,2] = BUILDING
[0:0:0.0] [6,3] = BUILDING
[0:0:0.0] [6,4] = BUILDING
[0:0:0.0] [6,5] = BUILDING
[0:0:0.0] [6,6] = BUILDING
[0:0:0.0] [6,7] = BUILDING
[0:0:0.0] [7,0] = BUILDING
[0:0:0.0] [7,1] = BUILDING
[0:0:0.0] [7,2] = BUILDING
[0:0:0.0] [7,3] = BUILDING
[0:0:0.0] [7,4] = BUILDING
[0:0:0.0] [7,5] = BUILDING
[0:0:0.0] [7,6] = BUILDING
[0:0:0.0] [7,7] = BUILDING
[0:0:0.0] render_tile_array called...
[0:0:0.3] [0,0] BUILDING Created
[0:0:0.3] Generating 5 cars at [-12,-10]
[0:0:0.7] Generating 3 cars at [-10,-12]
[0:0:0.9] Generating 4 cars at [-11,-10]
[0:0:1.2] Generating 6 cars at [-10,-11]
[0:0:1.6] Generating 1 cars at [-9,-10]
[0:0:1.7] Generating 6 cars at [-10,-9]
[0:0:2.1] Generating 6 cars at [-10,-7]
[0:0:2.6] Generating 2 cars at [-10,-7]
[0:0:2.9] [0,1] BUILDING Created
[0:0:2.9] Generating 1 cars at [-12,-7]
[0:0:3.0] Generating 5 cars at [-11,-7]
[0:0:3.4] Generating 4 cars at [-10,-8]
[0:0:3.7] Generating 3 cars at [-9,-7]
[0:0:4.0] Generating 7 cars at [-10,-6]
[0:0:4.9] [0,2] BUILDING Created
[0:0:4.9] Generating 0 cars at [-12,-4]
[0:0:4.9] Generating 3 cars at [-11,-4]
[0:0:5.2] Generating 2 cars at [-10,-5]
[0:0:5.4] Generating 5 cars at [-9,-4]
[0:0:5.8] Generating 7 cars at [-10,-3]
[0:0:6.8] [0,3] BUILDING Created
[0:0:6.8] Generating 5 cars at [-12,-1]
[0:0:7.3] Generating 1 cars at [-11,-1]
[0:0:7.4] Generating 7 cars at [-10,-2]
[0:0:8.1] Generating 1 cars at [-9,-1]
[0:0:8.2] Generating 0 cars at [-10,0]
[0:0:8.7] [0,4] PARK Created
[0:0:8.7] Generating 7 cars at [-12,1]
[0:0:9.5] Generating 1 cars at [-11,1]
[0:0:9.6] Generating 6 cars at [-10,0]
[0:0:10.3] Generating 1 cars at [-9,1]
[0:0:10.4] Generating 4 cars at [-10,2]
[0:0:11.5] [0,5] BUILDING Created
[0:0:11.5] Generating 7 cars at [-12,4]
[0:0:12.4] Generating 5 cars at [-11,4]
[0:0:13.1] Generating 3 cars at [-10,3]
[0:0:13.5] Generating 5 cars at [-9,4]
[0:0:14.2] Generating 1 cars at [-10,5]
[0:0:14.7] [0,6] BUILDING Created
[0:0:14.7] Generating 7 cars at [-12,7]
[0:0:15.7] Generating 2 cars at [-11,7]
[0:0:16.0] Generating 5 cars at [-10,6]
[0:0:16.7] Generating 5 cars at [-9,7]
[0:0:17.5] Generating 6 cars at [-10,8]
[0:0:19.1] [0,7] BUILDING Created
[0:0:19.1] Generating 7 cars at [-12,10]
[0:0:20.3] Generating 5 cars at [-10,12]
[0:0:21.1] Generating 2 cars at [-11,10]
[0:0:21.5] Generating 4 cars at [-10,9]
[0:0:22.2] Generating 5 cars at [-9,10]
[0:0:23.1] Generating 7 cars at [-10,11]
[0:0:24.7] [1,0] BUILDING Created
[0:0:24.7] Generating 1 cars at [-7,-12]
[0:0:24.9] Generating 7 cars at [-8,-10]
[0:0:26.3] Generating 5 cars at [-7,-11]
[0:0:27.3] Generating 6 cars at [-6,-10]
[0:0:28.6] Generating 2 cars at [-7,-9]
[0:0:30.2] [1,1] BUILDING Created
[0:0:30.2] Generating 6 cars at [-8,-7]
[0:0:31.5] Generating 1 cars at [-7,-8]
[0:0:31.7] Generating 1 cars at [-6,-7]
[0:0:32.0] Generating 2 cars at [-7,-6]
[0:0:33.4] [1,2] BUILDING Created
[0:0:33.4] Generating 2 cars at [-8,-4]
[0:0:33.9] Generating 7 cars at [-7,-5]
[0:0:35.6] Generating 7 cars at [-6,-4]
[0:0:37.3] Generating 1 cars at [-7,-3]
[0:0:38.9] [1,3] BUILDING Created
[0:0:38.9] Generating 3 cars at [-8,-1]
[0:0:39.7] Generating 6 cars at [-7,-2]
[0:0:41.3] Generating 7 cars at [-6,-1]
[0:0:43.3] Generating 4 cars at [-7,0]
[0:0:45.1] [1,4] BUILDING Created
[0:0:45.1] Generating 7 cars at [-8,1]
[0:0:47.2] Generating 1 cars at [-7,0]
[0:0:47.5] Generating 2 cars at [-6,1]
[0:0:48.1] Generating 0 cars at [-7,2]
[0:0:48.5] [1,5] BUILDING Created
[0:0:48.5] Generating 2 cars at [-8,4]
[0:0:49.1] Generating 4 cars at [-7,3]
[0:0:50.4] Generating 2 cars at [-6,4]
[0:0:51.0] Generating 5 cars at [-7,5]
[0:0:53.0] [1,6] PARK Created
[0:0:53.0] Generating 2 cars at [-8,7]
[0:0:53.7] Generating 2 cars at [-7,6]
[0:0:54.2] Generating 2 cars at [-6,7]
[0:0:54.9] Generating 1 cars at [-7,8]
[0:0:56.1] [1,7] BUILDING Created
[0:0:56.1] Generating 7 cars at [-7,12]
[0:0:58.4] Generating 7 cars at [-8,10]
[0:1:0.7] Generating 4 cars at [-7,9]
[0:1:2.1] Generating 0 cars at [-6,10]
[0:1:2.1] Generating 4 cars at [-7,11]
[0:1:3.9] [2,0] BUILDING Created
[0:1:3.9] Generating 6 cars at [-4,-12]
[0:1:6.0] Generating 6 cars at [-5,-10]
[0:1:8.3] Generating 3 cars at [-4,-11]
[0:1:9.4] Generating 4 cars at [-3,-10]
[0:1:10.9] Generating 7 cars at [-4,-9]
[0:1:14.8] [2,1] BUILDING Created
[0:1:14.8] Generating 3 cars at [-5,-7]
[0:1:16.0] Generating 3 cars at [-4,-8]
[0:1:17.2] Generating 4 cars at [-3,-7]
[0:1:18.9] Generating 5 cars at [-4,-6]
[0:1:21.7] [2,2] BUILDING Created
[0:1:21.7] Generating 4 cars at [-5,-4]
[0:1:23.4] Generating 1 cars at [-4,-5]
[0:1:23.9] Generating 5 cars at [-3,-4]
[0:1:26.1] Generating 7 cars at [-4,-3]
[0:1:29.6] [2,3] BUILDING Created
[0:1:29.6] Generating 7 cars at [-5,-1]
[0:1:32.6] Generating 5 cars at [-4,-2]
[0:1:34.9] Generating 5 cars at [-3,-1]
[0:1:37.2] Generating 7 cars at [-4,0]
[0:1:41.7] [2,4] BUILDING Created
[0:1:41.7] Generating 0 cars at [-5,1]
[0:1:41.7] Generating 7 cars at [-4,0]
[0:1:45.1] Generating 6 cars at [-3,1]
[0:1:48.1] Generating 6 cars at [-4,2]
[0:1:53.0] [2,5] BUILDING Created
[0:1:53.0] Generating 4 cars at [-5,4]
[0:1:55.0] Generating 0 cars at [-4,3]
[0:1:55.0] Generating 5 cars at [-3,4]
[0:1:57.4] Generating 2 cars at [-4,5]
[0:1:59.7] [2,6] PARK Created
[0:1:59.7] Generating 4 cars at [-5,7]
[0:2:1.6] Generating 0 cars at [-4,6]
[0:2:1.6] Generating 0 cars at [-3,7]
[0:2:1.6] Generating 1 cars at [-4,8]
[0:2:2.9] [2,7] BUILDING Created
[0:2:2.9] Generating 7 cars at [-4,12]
[0:2:6.3] Generating 1 cars at [-5,10]
[0:2:6.8] Generating 0 cars at [-4,9]
[0:2:6.8] Generating 6 cars at [-3,10]
[0:2:9.8] Generating 3 cars at [-4,11]
[0:2:12.8] [3,0] PARK Created
[0:2:12.8] Generating 0 cars at [-1,-12]
[0:2:12.8] Generating 6 cars at [-2,-10]
[0:2:16.0] Generating 5 cars at [-1,-11]
[0:2:18.6] Generating 2 cars at [0,-10]
[0:2:19.7] Generating 3 cars at [-1,-9]
[0:2:24.0] [3,1] BUILDING Created
[0:2:24.0] Generating 1 cars at [-2,-7]
[0:2:24.6] Generating 1 cars at [-1,-8]
[0:2:25.1] Generating 6 cars at [0,-7]
[0:2:28.5] Generating 2 cars at [-1,-6]
[0:2:30.6] [3,2] BUILDING Created
[0:2:30.6] Generating 2 cars at [-2,-4]
[0:2:31.7] Generating 0 cars at [-1,-5]
[0:2:31.7] Generating 2 cars at [0,-4]
[0:2:32.8] Generating 3 cars at [-1,-3]
[0:2:37.4] [3,3] BUILDING Created
[0:2:37.4] Generating 7 cars at [-2,-1]
[0:2:41.5] Generating 4 cars at [-1,-2]
[0:2:43.8] Generating 4 cars at [0,-1]
[0:2:46.2] Generating 1 cars at [-1,0]
[0:2:48.4] [3,4] BUILDING Created
[0:2:48.4] Generating 2 cars at [-2,1]
[0:2:49.6] Generating 7 cars at [-1,0]
[0:2:53.9] Generating 2 cars at [0,1]
[0:2:55.2] Generating 4 cars at [-1,2]
[0:2:59.3] [3,5] BUILDING Created
[0:2:59.3] Generating 3 cars at [-2,4]
[0:3:1.3] Generating 4 cars at [-1,3]
[0:3:3.9] Generating 6 cars at [0,4]
[0:3:7.9] Generating 2 cars at [-1,5]
[0:3:11.2] [3,6] BUILDING Created
[0:3:11.2] Generating 3 cars at [-2,7]
[0:3:13.2] Generating 4 cars at [-1,6]
[0:3:15.9] Generating 3 cars at [0,7]
[0:3:17.9] Generating 3 cars at [-1,8]
[0:3:21.1] [3,7] BUILDING Created
[0:3:21.1] Generating 6 cars at [-1,12]
[0:3:25.2] Generating 1 cars at [-2,10]
[0:3:25.9] Generating 2 cars at [-1,9]
[0:3:27.3] Generating 4 cars at [0,10]
[0:3:30.1] Generating 1 cars at [-1,11]
[0:3:33.3] [4,0] BUILDING Created
[0:3:33.3] Generating 5 cars at [1,-12]
[0:3:36.9] Generating 0 cars at [0,-10]
[0:3:36.9] Generating 1 cars at [1,-11]
[0:3:37.7] Generating 6 cars at [2,-10]
[0:3:42.1] Generating 7 cars at [1,-9]
[0:3:48.9] [4,1] BUILDING Created
[0:3:48.9] Generating 4 cars at [0,-7]
[0:3:52.1] Generating 1 cars at [1,-8]
[0:3:52.9] Generating 1 cars at [2,-7]
[0:3:53.7] Generating 5 cars at [1,-6]
[0:3:59.2] [4,2] BUILDING Created
[0:3:59.2] Generating 1 cars at [0,-4]
[0:4:0.1] Generating 6 cars at [1,-5]
[0:4:5.0] Generating 2 cars at [2,-4]
[0:4:6.7] Generating 0 cars at [1,-3]
[0:4:9.6] [4,3] BUILDING Created
[0:4:9.6] Generating 7 cars at [0,-1]
[0:4:15.6] Generating 3 cars at [1,-2]
[0:4:18.1] Generating 2 cars at [2,-1]
[0:4:19.8] Generating 0 cars at [1,0]
[0:4:20.9] [4,4] PARK Created
[0:4:20.9] Generating 6 cars at [0,1]
[0:4:26.2] Generating 3 cars at [1,0]
[0:4:28.8] Generating 7 cars at [2,1]
[0:4:35.1] Generating 0 cars at [1,2]
[0:4:36.6] [4,5] BUILDING Created
[0:4:36.6] Generating 4 cars at [0,4]
[0:4:40.4] Generating 0 cars at [1,3]
[0:4:40.4] Generating 4 cars at [2,4]
[0:4:44.2] Generating 5 cars at [1,5]
[0:4:48.8] Generating 2 cars at [1,7]
[0:4:50.7] Generating 7 cars at [1,7]
[0:4:59.3] [4,6] BUILDING Created
[0:4:59.3] Generating 5 cars at [0,7]
[0:5:4.1] Generating 0 cars at [1,6]
[0:5:4.1] Generating 1 cars at [2,7]
[0:5:5.0] Generating 4 cars at [1,8]
[0:5:11.7] [4,7] BUILDING Created
[0:5:11.7] Generating 4 cars at [1,12]
[0:5:15.5] Generating 5 cars at [0,10]
[0:5:20.4] Generating 4 cars at [1,9]
[0:5:24.4] Generating 1 cars at [2,10]
[0:5:25.4] Generating 3 cars at [1,11]
[0:5:30.1] [5,0] BUILDING Created
[0:5:30.1] Generating 4 cars at [4,-12]
[0:5:34.1] Generating 5 cars at [3,-10]
[0:5:39.2] Generating 5 cars at [4,-11]
[0:5:44.3] Generating 2 cars at [5,-10]
[0:5:46.4] Generating 5 cars at [4,-9]
[0:5:51.6] Generating 5 cars at [4,-7]
[0:5:56.9] Generating 3 cars at [4,-7]
[0:6:2.2] [5,1] BUILDING Created
[0:6:2.2] Generating 3 cars at [3,-7]
[0:6:5.4] Generating 2 cars at [4,-8]
[0:6:7.6] Generating 4 cars at [5,-7]
[0:6:11.9] Generating 6 cars at [4,-6]
[0:6:20.4] [5,2] BUILDING Created
[0:6:20.4] Generating 7 cars at [3,-4]
[0:6:28.1] Generating 3 cars at [4,-5]
[0:6:31.5] Generating 1 cars at [5,-4]
[0:6:32.6] Generating 7 cars at [4,-3]
[0:6:44.5] [5,3] BUILDING Created
[0:6:44.5] Generating 3 cars at [3,-1]
[0:6:47.8] Generating 4 cars at [4,-2]
[0:6:52.3] Generating 0 cars at [5,-1]
[0:6:52.3] Generating 7 cars at [4,0]
[0:7:0.2] Generating 1 cars at [4,1]
[0:7:1.4] Generating 5 cars at [4,1]
[0:7:9.4] [5,4] BUILDING Created
[0:7:9.4] Generating 2 cars at [3,1]
[0:7:11.7] Generating 1 cars at [4,0]
[0:7:12.8] Generating 6 cars at [5,1]
[0:7:19.8] Generating 4 cars at [4,2]
[0:7:26.6] [5,5] BUILDING Created
[0:7:26.6] Generating 0 cars at [3,4]
[0:7:26.6] Generating 7 cars at [4,3]
[0:7:34.9] Generating 6 cars at [5,4]
[0:7:42.1] Generating 4 cars at [4,5]
[0:7:53.4] [5,6] BUILDING Created
[0:7:53.4] Generating 3 cars at [3,7]
[0:7:57.1] Generating 5 cars at [4,6]
[0:8:3.4] Generating 3 cars at [5,7]
[0:8:7.2] Generating 1 cars at [4,8]
[0:8:8.4] Generating 5 cars at [4,10]
[0:8:14.9] Generating 7 cars at [4,10]
[0:8:26.7] [5,7] BUILDING Created
[0:8:26.7] Generating 4 cars at [4,12]
[0:8:32.1] Generating 7 cars at [3,10]
[0:8:41.1] Generating 3 cars at [4,9]
[0:8:44.9] Generating 6 cars at [5,10]
[0:8:52.7] Generating 1 cars at [4,11]
[0:9:0.8] [6,0] BUILDING Created
[0:9:0.8] Generating 0 cars at [7,-12]
[0:9:0.8] Generating 5 cars at [6,-10]
[0:9:7.4] Generating 2 cars at [7,-11]
[0:9:10.0] Generating 5 cars at [8,-10]
[0:9:16.6] Generating 3 cars at [7,-9]
[0:9:28.6] [6,1] BUILDING Created
[0:9:28.6] Generating 1 cars at [6,-7]
[0:9:30.1] Generating 7 cars at [7,-8]
[0:9:40.7] Generating 7 cars at [8,-7]
[0:9:51.3] Generating 7 cars at [7,-6]
[0:10:10.2] [6,2] BUILDING Created
[0:10:10.2] Generating 5 cars at [6,-4]
[0:10:18.1] Generating 7 cars at [7,-5]
[0:10:29.3] Generating 2 cars at [8,-4]
[0:10:32.6] Generating 6 cars at [7,-3]
[0:10:48.4] [6,3] BUILDING Created
[0:10:48.4] Generating 2 cars at [6,-1]
[0:10:51.5] Generating 2 cars at [7,-2]
[0:10:54.7] Generating 6 cars at [8,-1]
[0:11:4.3] Generating 3 cars at [7,0]
[0:11:15.4] [6,4] BUILDING Created
[0:11:15.4] Generating 5 cars at [6,1]
[0:11:23.6] Generating 1 cars at [7,0]
[0:11:25.2] Generating 7 cars at [8,1]
[0:11:36.9] Generating 0 cars at [7,2]
[0:11:45.6] [6,5] BUILDING Created
[0:11:45.6] Generating 0 cars at [6,4]
[0:11:45.6] Generating 7 cars at [7,3]
[0:11:57.5] Generating 2 cars at [8,4]
[0:12:1.0] Generating 3 cars at [7,5]
[0:12:15.1] [6,6] BUILDING Created
[0:12:15.1] Generating 2 cars at [6,7]
[0:12:18.6] Generating 6 cars at [7,6]
[0:12:29.1] Generating 2 cars at [8,7]
[0:12:32.6] Generating 7 cars at [7,8]
[0:12:51.4] [6,7] BUILDING Created
[0:12:51.4] Generating 3 cars at [7,12]
[0:12:56.9] Generating 4 cars at [6,10]
[0:13:4.2] Generating 7 cars at [7,9]
[0:13:16.7] Generating 0 cars at [8,10]
[0:13:16.7] Generating 4 cars at [7,11]
[0:13:33.4] [7,0] BUILDING Created
[0:13:33.4] Generating 7 cars at [10,-12]
[0:13:46.3] Generating 2 cars at [12,-10]
[0:13:50.0] Generating 6 cars at [9,-10]
[0:14:1.3] Generating 0 cars at [10,-11]
[0:14:1.3] Generating 7 cars at [11,-10]
[0:14:14.5] Generating 2 cars at [10,-9]
[0:14:28.4] [7,1] BUILDING Created
[0:14:28.4] Generating 2 cars at [12,-7]
[0:14:32.2] Generating 4 cars at [9,-7]
[0:14:39.9] Generating 1 cars at [10,-8]
[0:14:41.8] Generating 0 cars at [11,-7]
[0:14:41.8] Generating 0 cars at [10,-6]
[0:14:47.6] [7,2] BUILDING Created
[0:14:47.6] Generating 1 cars at [12,-4]
[0:14:49.5] Generating 2 cars at [9,-4]
[0:14:53.4] Generating 5 cars at [10,-5]
[0:15:3.1] Generating 5 cars at [11,-4]
[0:15:13.0] Generating 3 cars at [10,-3]
[0:15:22.5] [7,3] BUILDING Created
[0:15:22.5] Generating 6 cars at [12,-1]
[0:15:34.6] Generating 2 cars at [9,-1]
[0:15:38.7] Generating 0 cars at [10,-2]
[0:15:38.7] Generating 0 cars at [11,-1]
[0:15:38.7] Generating 3 cars at [10,0]
[0:15:55.7] [7,4] BUILDING Created
[0:15:55.7] Generating 6 cars at [12,1]
[0:16:8.2] Generating 2 cars at [9,1]
[0:16:12.4] Generating 5 cars at [10,0]
[0:16:23.0] Generating 4 cars at [11,1]
[0:16:31.5] Generating 0 cars at [10,2]
[0:16:40.1] [7,5] BUILDING Created
[0:16:40.1] Generating 7 cars at [12,4]
[0:16:55.1] Generating 1 cars at [9,4]
[0:16:57.3] Generating 5 cars at [10,3]
[0:17:8.2] Generating 3 cars at [11,4]
[0:17:14.8] Generating 5 cars at [10,5]
[0:17:25.8] Generating 6 cars at [10,7]
[0:17:39.3] Generating 2 cars at [10,7]
[0:17:48.3] [7,6] BUILDING Created
[0:17:48.3] Generating 2 cars at [12,7]
[0:17:52.8] Generating 5 cars at [9,7]
[0:18:4.1] Generating 1 cars at [10,6]
[0:18:6.3] Generating 0 cars at [11,7]
[0:18:6.3] Generating 4 cars at [10,8]
[0:18:24.5] [7,7] BUILDING Created
[0:18:24.5] Generating 7 cars at [12,10]
[0:18:40.5] Generating 6 cars at [10,12]
[0:18:54.5] Generating 2 cars at [9,10]
[0:18:59.1] Generating 5 cars at [10,9]
[0:19:10.8] Generating 4 cars at [11,10]
[0:19:20.2] Generating 0 cars at [10,11]
[0:19:20.2] Creating the ground...
[0:19:20.7] create_city_border called...
[0:19:20.7] Creating the beach front...
[0:19:25.0] Beach random variation
[0:19:31.0] Creating the mountain outskirts...
[0:19:33.9] Mountain random variation in X
[0:21:13.0] Mountain random variation in Y
[0:22:55.4] Creating the skybox...
[0:22:56.7] Creating the sea level...
[0:22:57.4] Setting up the cameras...
[0:23:0.6] Taking pictures of the city...
[0:23:7.0] Tiles Rows: 8
[0:23:7.0] Tiles Cols: 8
[0:23:7.0] end logging
