[0:0:0.0] start logging
[0:0:0.0] fill_tile_array called...
[0:0:0.0] [0,0] = BUILDING
[0:0:0.0] [0,1] = PARK
[0:0:0.0] [0,2] = BUILDING
[0:0:0.0] [0,3] = BUILDING
[0:0:0.0] [0,4] = BUILDING
[0:0:0.0] [0,5] = BUILDING
[0:0:0.0] [0,6] = PARK
[0:0:0.0] [0,7] = BUILDING
[0:0:0.0] [0,8] = BUILDING
[0:0:0.0] [0,9] = BUILDING
[0:0:0.0] [1,0] = BUILDING
[0:0:0.0] [1,1] = BUILDING
[0:0:0.0] [1,2] = BUILDING
[0:0:0.0] [1,3] = BUILDING
[0:0:0.0] [1,4] = BUILDING
[0:0:0.0] [1,5] = BUILDING
[0:0:0.0] [1,6] = BUILDING
[0:0:0.0] [1,7] = BUILDING
[0:0:0.0] [1,8] = PARK
[0:0:0.0] [1,9] = BUILDING
[0:0:0.0] [2,0] = BUILDING
[0:0:0.0] [2,1] = BUILDING
[0:0:0.0] [2,2] = BUILDING
[0:0:0.0] [2,3] = BUILDING
[0:0:0.0] [2,4] = BUILDING
[0:0:0.0] [2,5] = BUILDING
[0:0:0.0] [2,6] = BUILDING
[0:0:0.0] [2,7] = BUILDING
[0:0:0.0] [2,8] = PARK
[0:0:0.0] [2,9] = BUILDING
[0:0:0.0] [3,0] = BUILDING
[0:0:0.0] [3,1] = BUILDING
[0:0:0.0] [3,2] = BUILDING
[0:0:0.0] [3,3] = BUILDING
[0:0:0.0] [3,4] = BUILDING
[0:0:0.0] [3,5] = BUILDING
[0:0:0.0] [3,6] = BUILDING
[0:0:0.0] [3,7] = BUILDING
[0:0:0.0] [3,8] = PARK
[0:0:0.0] [3,9] = PARK
[0:0:0.0] [4,0] = BUILDING
[0:0:0.0] [4,1] = BUILDING
[0:0:0.0] [4,2] = BUILDING
[0:0:0.0] [4,3] = BUILDING
[0:0:0.0] [4,4] = BUILDING
[0:0:0.0] [4,5] = BUILDING
[0:0:0.0] [4,6] = BUILDING
[0:0:0.0] [4,7] = BUILDING
[0:0:0.0] [4,8] = BUILDING
[0:0:0.0] [4,9] = BUILDING
[0:0:0.0] [5,0] = BUILDING
[0:0:0.0] [5,1] = BUILDING
[0:0:0.0] [5,2] = BUILDING
[0:0:0.0] [5,3] = BUILDING
[0:0:0.0] [5,4] = BUILDING
[0:0:0.0] [5,5] = BUILDING
[0:0:0.0] [5,6] = BUILDING
[0:0:0.0] [5,7] = PARK
[0:0:0.0] [5,8] = PARK
[0:0:0.0] [5,9] = BUILDING
[0:0:0.0] [6,0] = BUILDING
[0:0:0.0] [6,1] = BUILDING
[0:0:0.0] [6,2] = PARK
[0:0:0.0] [6,3] = BUILDING
[0:0:0.0] [6,4] = BUILDING
[0:0:0.0] [6,5] = BUILDING
[0:0:0.0] [6,6] = BUILDING
[0:0:0.0] [6,7] = BUILDING
[0:0:0.0] [6,8] = PARK
[0:0:0.0] [6,9] = BUILDING
[0:0:0.0] [7,0] = BUILDING
[0:0:0.0] [7,1] = BUILDING
[0:0:0.0] [7,2] = BUILDING
[0:0:0.0] [7,3] = BUILDING
[0:0:0.0] [7,4] = BUILDING
[0:0:0.0] [7,5] = BUILDING
[0:0:0.0] [7,6] = BUILDING
[0:0:0.0] [7,7] = BUILDING
[0:0:0.0] [7,8] = PARK
[0:0:0.0] [7,9] = BUILDING
[0:0:0.0] [8,0] = BUILDING
[0:0:0.0] [8,1] = BUILDING
[0:0:0.0] [8,2] = BUILDING
[0:0:0.0] [8,3] = BUILDING
[0:0:0.0] [8,4] = BUILDING
[0:0:0.0] [8,5] = BUILDING
[0:0:0.0] [8,6] = BUILDING
[0:0:0.0] [8,7] = BUILDING
[0:0:0.0] [8,8] = BUILDING
[0:0:0.0] [8,9] = BUILDING
[0:0:0.0] [9,0] = PARK
[0:0:0.0] [9,1] = BUILDING
[0:0:0.0] [9,2] = PARK
[0:0:0.0] [9,3] = BUILDING
[0:0:0.0] [9,4] = BUILDING
[0:0:0.0] [9,5] = BUILDING
[0:0:0.0] [9,6] = BUILDING
[0:0:0.0] [9,7] = PARK
[0:0:0.0] [9,8] = BUILDING
[0:0:0.0] [9,9] = BUILDING
[0:0:0.0] render_tile_array called...
[0:0:0.2] [0,0] BUILDING Created
[0:0:0.2] Generating 4 cars at [-15,-13]
[0:0:0.4] Generating 3 cars at [-13,-15]
[0:0:0.6] Generating 6 cars at [-14,-13]
[0:0:0.9] Generating 0 cars at [-13,-14]
[0:0:0.9] Generating 5 cars at [-12,-13]
[0:0:1.1] Generating 2 cars at [-13,-12]
[0:0:1.4] [0,1] PARK Created
[0:0:1.4] Generating 5 cars at [-15,-10]
[0:0:1.7] Generating 5 cars at [-14,-10]
[0:0:2.0] Generating 7 cars at [-13,-11]
[0:0:2.5] Generating 3 cars at [-12,-10]
[0:0:2.6] Generating 5 cars at [-13,-9]
[0:0:3.1] [0,2] BUILDING Created
[0:0:3.1] Generating 1 cars at [-15,-7]
[0:0:3.2] Generating 5 cars at [-14,-7]
[0:0:3.5] Generating 5 cars at [-13,-8]
[0:0:3.8] Generating 1 cars at [-12,-7]
[0:0:3.9] Generating 0 cars at [-13,-6]
[0:0:4.1] [0,3] BUILDING Created
[0:0:4.1] Generating 6 cars at [-15,-4]
[0:0:4.6] Generating 5 cars at [-14,-4]
[0:0:5.0] Generating 6 cars at [-13,-5]
[0:0:5.4] Generating 1 cars at [-12,-4]
[0:0:5.5] Generating 0 cars at [-13,-3]
[0:0:5.9] [0,4] BUILDING Created
[0:0:5.9] Generating 1 cars at [-15,-1]
[0:0:6.0] Generating 1 cars at [-14,-1]
[0:0:6.1] Generating 7 cars at [-13,-2]
[0:0:6.7] Generating 7 cars at [-12,-1]
[0:0:7.3] Generating 1 cars at [-13,0]
[0:0:7.6] [0,5] BUILDING Created
[0:0:7.6] Generating 6 cars at [-15,1]
[0:0:8.1] Generating 6 cars at [-14,1]
[0:0:8.7] Generating 6 cars at [-13,0]
[0:0:9.3] Generating 4 cars at [-12,1]
[0:0:9.7] Generating 0 cars at [-13,2]
[0:0:10.0] [0,6] PARK Created
[0:0:10.0] Generating 6 cars at [-15,4]
[0:0:10.6] Generating 4 cars at [-14,4]
[0:0:11.1] Generating 5 cars at [-13,3]
[0:0:11.6] Generating 2 cars at [-12,4]
[0:0:11.8] Generating 1 cars at [-13,5]
[0:0:12.3] [0,7] BUILDING Created
[0:0:12.3] Generating 4 cars at [-15,7]
[0:0:12.8] Generating 5 cars at [-14,7]
[0:0:13.4] Generating 3 cars at [-13,6]
[0:0:13.8] Generating 7 cars at [-12,7]
[0:0:14.7] Generating 4 cars at [-13,8]
[0:0:15.8] [0,8] BUILDING Created
[0:0:15.8] Generating 2 cars at [-15,10]
[0:0:16.1] Generating 7 cars at [-14,10]
[0:0:17.1] Generating 2 cars at [-13,9]
[0:0:17.5] Generating 5 cars at [-12,10]
[0:0:18.2] Generating 0 cars at [-13,11]
[0:0:18.8] [0,9] BUILDING Created
[0:0:18.8] Generating 0 cars at [-15,13]
[0:0:18.8] Generating 3 cars at [-13,15]
[0:0:19.3] Generating 3 cars at [-14,13]
[0:0:19.8] Generating 4 cars at [-13,12]
[0:0:20.5] Generating 1 cars at [-12,13]
[0:0:20.7] Generating 0 cars at [-13,14]
[0:0:21.3] [1,0] BUILDING Created
[0:0:21.3] Generating 2 cars at [-10,-15]
[0:0:21.6] Generating 0 cars at [-11,-13]
[0:0:21.6] Generating 4 cars at [-10,-14]
[0:0:22.3] Generating 7 cars at [-9,-13]
[0:0:23.6] Generating 2 cars at [-10,-12]
[0:0:24.0] Generating 4 cars at [-10,-10]
[0:0:24.7] Generating 7 cars at [-10,-10]
[0:0:26.5] [1,1] BUILDING Created
[0:0:26.5] Generating 7 cars at [-11,-10]
[0:0:27.9] Generating 2 cars at [-10,-11]
[0:0:28.3] Generating 3 cars at [-9,-10]
[0:0:29.0] Generating 0 cars at [-10,-9]
[0:0:29.6] [1,2] BUILDING Created
[0:0:29.6] Generating 4 cars at [-11,-7]
[0:0:30.5] Generating 3 cars at [-10,-8]
[0:0:31.2] Generating 0 cars at [-9,-7]
[0:0:31.2] Generating 2 cars at [-10,-6]
[0:0:32.5] [1,3] BUILDING Created
[0:0:32.5] Generating 1 cars at [-11,-4]
[0:0:32.8] Generating 0 cars at [-10,-5]
[0:0:32.8] Generating 6 cars at [-9,-4]
[0:0:34.2] Generating 4 cars at [-10,-3]
[0:0:35.8] [1,4] BUILDING Created
[0:0:35.8] Generating 5 cars at [-11,-1]
[0:0:37.0] Generating 0 cars at [-10,-2]
[0:0:37.0] Generating 3 cars at [-9,-1]
[0:0:37.8] Generating 2 cars at [-10,0]
[0:0:39.7] [1,5] BUILDING Created
[0:0:39.7] Generating 2 cars at [-11,1]
[0:0:40.2] Generating 7 cars at [-10,0]
[0:0:42.1] Generating 2 cars at [-9,1]
[0:0:42.7] Generating 4 cars at [-10,2]
[0:0:45.3] [1,6] BUILDING Created
[0:0:45.3] Generating 0 cars at [-11,4]
[0:0:45.3] Generating 7 cars at [-10,3]
[0:0:47.4] Generating 5 cars at [-9,4]
[0:0:48.9] Generating 0 cars at [-10,5]
[0:0:49.5] [1,7] BUILDING Created
[0:0:49.5] Generating 4 cars at [-11,7]
[0:0:50.7] Generating 5 cars at [-10,6]
[0:0:52.3] Generating 6 cars at [-9,7]
[0:0:54.3] Generating 7 cars at [-10,8]
[0:0:58.1] [1,8] PARK Created
[0:0:58.1] Generating 4 cars at [-11,10]
[0:0:59.5] Generating 0 cars at [-10,9]
[0:0:59.5] Generating 1 cars at [-9,10]
[0:0:59.8] Generating 6 cars at [-10,11]
[0:1:3.8] [1,9] BUILDING Created
[0:1:3.8] Generating 6 cars at [-10,15]
[0:1:6.1] Generating 4 cars at [-11,13]
[0:1:7.6] Generating 3 cars at [-10,12]
[0:1:8.7] Generating 1 cars at [-9,13]
[0:1:9.1] Generating 5 cars at [-10,14]
[0:1:12.2] [2,0] BUILDING Created
[0:1:12.2] Generating 6 cars at [-7,-15]
[0:1:14.5] Generating 2 cars at [-8,-13]
[0:1:15.2] Generating 5 cars at [-7,-14]
[0:1:17.1] Generating 2 cars at [-6,-13]
[0:1:17.9] Generating 0 cars at [-7,-12]
[0:1:17.9] Generating 5 cars at [-7,-10]
[0:1:20.0] Generating 4 cars at [-7,-10]
[0:1:22.4] [2,1] BUILDING Created
[0:1:22.4] Generating 2 cars at [-8,-10]
[0:1:23.2] Generating 7 cars at [-7,-11]
[0:1:26.1] Generating 1 cars at [-6,-10]
[0:1:26.6] Generating 1 cars at [-7,-9]
[0:1:29.3] [2,2] BUILDING Created
[0:1:29.3] Generating 5 cars at [-8,-7]
[0:1:31.5] Generating 5 cars at [-7,-8]
[0:1:33.7] Generating 4 cars at [-6,-7]
[0:1:35.6] Generating 7 cars at [-7,-6]
[0:1:41.6] [2,3] BUILDING Created
[0:1:41.6] Generating 6 cars at [-8,-4]
[0:1:44.5] Generating 0 cars at [-7,-5]
[0:1:44.5] Generating 0 cars at [-6,-4]
[0:1:44.5] Generating 6 cars at [-7,-3]
[0:1:48.4] [2,4] BUILDING Created
[0:1:48.4] Generating 5 cars at [-8,-1]
[0:1:50.7] Generating 7 cars at [-7,-2]
[0:1:54.1] Generating 6 cars at [-6,-1]
[0:1:57.0] Generating 1 cars at [-7,0]
[0:1:59.5] [2,5] BUILDING Created
[0:1:59.5] Generating 4 cars at [-8,1]
[0:2:1.5] Generating 1 cars at [-7,0]
[0:2:2.0] Generating 3 cars at [-6,1]
[0:2:3.5] Generating 2 cars at [-7,2]
[0:2:5.4] [2,6] BUILDING Created
[0:2:5.4] Generating 3 cars at [-8,4]
[0:2:6.9] Generating 4 cars at [-7,3]
[0:2:9.0] Generating 0 cars at [-6,4]
[0:2:9.0] Generating 2 cars at [-7,5]
[0:2:12.2] [2,7] BUILDING Created
[0:2:12.2] Generating 3 cars at [-8,7]
[0:2:13.8] Generating 4 cars at [-7,6]
[0:2:16.0] Generating 4 cars at [-6,7]
[0:2:18.2] Generating 1 cars at [-7,8]
[0:2:21.2] [2,8] PARK Created
[0:2:21.2] Generating 1 cars at [-8,10]
[0:2:21.8] Generating 5 cars at [-7,9]
[0:2:24.7] Generating 1 cars at [-6,10]
[0:2:25.3] Generating 5 cars at [-7,11]
[0:2:29.3] [2,9] BUILDING Created
[0:2:29.3] Generating 5 cars at [-7,15]
[0:2:32.3] Generating 1 cars at [-8,13]
[0:2:32.9] Generating 6 cars at [-7,12]
[0:2:36.4] Generating 3 cars at [-6,13]
[0:2:38.1] Generating 6 cars at [-7,14]
[0:2:42.2] [3,0] BUILDING Created
[0:2:42.2] Generating 1 cars at [-4,-15]
[0:2:42.7] Generating 1 cars at [-5,-13]
[0:2:43.3] Generating 5 cars at [-4,-14]
[0:2:46.3] Generating 3 cars at [-3,-13]
[0:2:48.1] Generating 1 cars at [-4,-12]
[0:2:52.0] [3,1] BUILDING Created
[0:2:52.0] Generating 7 cars at [-5,-10]
[0:2:56.4] Generating 5 cars at [-4,-11]
[0:2:59.6] Generating 5 cars at [-3,-10]
[0:3:2.9] Generating 6 cars at [-4,-9]
[0:3:8.0] [3,2] BUILDING Created
[0:3:8.0] Generating 5 cars at [-5,-7]
[0:3:11.4] Generating 1 cars at [-4,-8]
[0:3:12.1] Generating 6 cars at [-3,-7]
[0:3:16.2] Generating 2 cars at [-4,-6]
[0:3:21.4] [3,3] BUILDING Created
[0:3:21.4] Generating 1 cars at [-5,-4]
[0:3:22.1] Generating 6 cars at [-4,-5]
[0:3:26.4] Generating 5 cars at [-3,-4]
[0:3:30.2] Generating 1 cars at [-4,-3]
[0:3:32.7] [3,4] BUILDING Created
[0:3:32.7] Generating 5 cars at [-5,-1]
[0:3:36.3] Generating 4 cars at [-4,-2]
[0:3:39.2] Generating 3 cars at [-3,-1]
[0:3:41.4] Generating 5 cars at [-4,0]
[0:3:46.4] [3,5] BUILDING Created
[0:3:46.4] Generating 3 cars at [-5,1]
[0:3:48.7] Generating 7 cars at [-4,0]
[0:3:54.1] Generating 1 cars at [-3,1]
[0:3:54.9] Generating 2 cars at [-4,2]
[0:3:58.5] [3,6] BUILDING Created
[0:3:58.5] Generating 5 cars at [-5,4]
[0:4:2.5] Generating 7 cars at [-4,3]
[0:4:8.1] Generating 0 cars at [-3,4]
[0:4:8.1] Generating 4 cars at [-4,5]
[0:4:12.8] [3,7] BUILDING Created
[0:4:12.8] Generating 7 cars at [-5,7]
[0:4:18.6] Generating 5 cars at [-4,6]
[0:4:22.8] Generating 0 cars at [-3,7]
[0:4:22.8] Generating 1 cars at [-4,8]
[0:4:24.7] [3,8] PARK Created
[0:4:24.7] Generating 3 cars at [-5,10]
[0:4:27.4] Generating 1 cars at [-4,9]
[0:4:28.2] Generating 1 cars at [-3,10]
[0:4:29.1] Generating 3 cars at [-4,11]
[0:4:32.9] [3,9] PARK Created
[0:4:32.9] Generating 7 cars at [-4,15]
[0:4:39.2] Generating 2 cars at [-5,13]
[0:4:40.9] Generating 0 cars at [-4,12]
[0:4:40.9] Generating 6 cars at [-3,13]
[0:4:46.1] Generating 4 cars at [-4,14]
[0:4:53.1] [4,0] BUILDING Created
[0:4:53.1] Generating 4 cars at [-1,-15]
[0:4:56.7] Generating 3 cars at [-2,-13]
[0:4:59.4] Generating 6 cars at [-1,-14]
[0:5:5.1] Generating 7 cars at [0,-13]
[0:5:11.8] Generating 0 cars at [-1,-12]
[0:5:13.5] [4,1] BUILDING Created
[0:5:13.5] Generating 7 cars at [-2,-10]
[0:5:20.3] Generating 0 cars at [-1,-11]
[0:5:20.3] Generating 2 cars at [0,-10]
[0:5:22.3] Generating 1 cars at [-1,-9]
[0:5:27.4] [4,2] BUILDING Created
[0:5:27.4] Generating 4 cars at [-2,-7]
[0:5:31.3] Generating 4 cars at [-1,-8]
[0:5:35.2] Generating 4 cars at [0,-7]
[0:5:39.3] Generating 2 cars at [-1,-6]
[0:5:44.1] [4,3] BUILDING Created
[0:5:44.1] Generating 4 cars at [-2,-4]
[0:5:48.4] Generating 6 cars at [-1,-5]
[0:5:54.7] Generating 5 cars at [0,-4]
[0:6:0.0] Generating 0 cars at [-1,-3]
[0:6:3.8] [4,4] BUILDING Created
[0:6:3.8] Generating 2 cars at [-2,-1]
[0:6:6.1] Generating 5 cars at [-1,-2]
[0:6:11.5] Generating 6 cars at [0,-1]
[0:6:18.1] Generating 4 cars at [-1,0]
[0:6:28.4] [4,5] BUILDING Created
[0:6:28.4] Generating 4 cars at [-2,1]
[0:6:32.9] Generating 0 cars at [-1,0]
[0:6:32.9] Generating 4 cars at [0,1]
[0:6:37.5] Generating 5 cars at [-1,2]
[0:6:49.2] [4,6] BUILDING Created
[0:6:49.2] Generating 5 cars at [-2,4]
[0:6:55.2] Generating 7 cars at [-1,3]
[0:7:3.7] Generating 2 cars at [0,4]
[0:7:6.0] Generating 4 cars at [-1,5]
[0:7:15.5] [4,7] BUILDING Created
[0:7:15.5] Generating 0 cars at [-2,7]
[0:7:15.5] Generating 7 cars at [-1,6]
[0:7:23.9] Generating 5 cars at [0,7]
[0:7:30.0] Generating 7 cars at [-1,8]
[0:7:45.1] [4,8] BUILDING Created
[0:7:45.1] Generating 2 cars at [-2,10]
[0:7:47.6] Generating 1 cars at [-1,9]
[0:7:48.8] Generating 2 cars at [0,10]
[0:7:51.3] Generating 6 cars at [-1,11]
[0:8:2.1] [4,9] BUILDING Created
[0:8:2.1] Generating 5 cars at [-1,15]
[0:8:8.5] Generating 1 cars at [-2,13]
[0:8:9.8] Generating 5 cars at [-1,12]
[0:8:16.3] Generating 6 cars at [0,13]
[0:8:24.2] Generating 3 cars at [-1,14]
[0:8:30.4] [5,0] BUILDING Created
[0:8:30.4] Generating 4 cars at [1,-15]
[0:8:35.8] Generating 4 cars at [0,-13]
[0:8:41.2] Generating 2 cars at [1,-14]
[0:8:44.0] Generating 1 cars at [2,-13]
[0:8:45.4] Generating 5 cars at [1,-12]
[0:8:54.7] [5,1] BUILDING Created
[0:8:54.7] Generating 5 cars at [0,-10]
[0:9:1.4] Generating 2 cars at [1,-11]
[0:9:4.1] Generating 4 cars at [2,-10]
[0:9:9.6] Generating 4 cars at [1,-9]
[0:9:22.2] [5,2] BUILDING Created
[0:9:22.2] Generating 3 cars at [0,-7]
[0:9:26.4] Generating 2 cars at [1,-8]
[0:9:29.2] Generating 5 cars at [2,-7]
[0:9:36.3] Generating 7 cars at [1,-6]
[0:9:48.9] [5,3] BUILDING Created
[0:9:48.9] Generating 0 cars at [0,-4]
[0:9:48.9] Generating 5 cars at [1,-5]
[0:9:56.1] Generating 2 cars at [2,-4]
[0:9:59.0] Generating 7 cars at [1,-3]
[0:10:11.9] [5,4] BUILDING Created
[0:10:11.9] Generating 6 cars at [0,-1]
[0:10:20.8] Generating 0 cars at [1,-2]
[0:10:20.8] Generating 3 cars at [2,-1]
[0:10:25.3] Generating 6 cars at [1,0]
[0:10:37.0] [5,5] BUILDING Created
[0:10:37.0] Generating 1 cars at [0,1]
[0:10:38.6] Generating 1 cars at [1,0]
[0:10:40.1] Generating 5 cars at [2,1]
[0:10:47.8] Generating 7 cars at [1,2]
[0:11:4.9] [5,6] BUILDING Created
[0:11:4.9] Generating 2 cars at [0,4]
[0:11:8.0] Generating 0 cars at [1,3]
[0:11:8.0] Generating 5 cars at [2,4]
[0:11:15.9] Generating 2 cars at [1,5]
[0:11:20.9] [5,7] PARK Created
[0:11:20.9] Generating 5 cars at [0,7]
[0:11:29.0] Generating 3 cars at [1,6]
[0:11:34.0] Generating 5 cars at [2,7]
[0:11:42.7] Generating 0 cars at [1,8]
[0:11:47.4] [5,8] PARK Created
[0:11:47.4] Generating 0 cars at [0,10]
[0:11:47.4] Generating 3 cars at [1,9]
[0:11:52.6] Generating 7 cars at [2,10]
[0:12:4.6] Generating 4 cars at [1,11]
[0:12:15.8] [5,9] BUILDING Created
[0:12:15.8] Generating 0 cars at [1,15]
[0:12:15.8] Generating 6 cars at [0,13]
[0:12:26.3] Generating 7 cars at [1,12]
[0:12:38.9] Generating 5 cars at [2,13]
[0:12:48.0] Generating 4 cars at [1,14]
[0:12:59.8] [6,0] BUILDING Created
[0:12:59.8] Generating 2 cars at [4,-15]
[0:13:3.4] Generating 0 cars at [3,-13]
[0:13:3.4] Generating 1 cars at [4,-14]
[0:13:5.1] Generating 7 cars at [5,-13]
[0:13:17.8] Generating 6 cars at [4,-12]
[0:13:38.1] [6,1] BUILDING Created
[0:13:38.1] Generating 5 cars at [3,-10]
[0:13:47.1] Generating 1 cars at [4,-11]
[0:13:48.9] Generating 0 cars at [5,-10]
[0:13:48.9] Generating 0 cars at [4,-9]
[0:13:52.4] [6,2] PARK Created
[0:13:52.4] Generating 4 cars at [3,-7]
[0:13:59.5] Generating 3 cars at [4,-8]
[0:14:4.9] Generating 3 cars at [5,-7]
[0:14:10.2] Generating 3 cars at [4,-6]
[0:14:15.6] Generating 2 cars at [4,-4]
[0:14:19.3] Generating 2 cars at [4,-4]
[0:14:26.6] [6,3] BUILDING Created
[0:14:26.6] Generating 7 cars at [3,-4]
[0:14:39.5] Generating 6 cars at [4,-5]
[0:14:50.8] Generating 2 cars at [5,-4]
[0:14:54.7] Generating 6 cars at [4,-3]
[0:15:9.2] [6,4] BUILDING Created
[0:15:9.2] Generating 2 cars at [3,-1]
[0:15:13.0] Generating 7 cars at [4,-2]
[0:15:26.2] Generating 1 cars at [5,-1]
[0:15:28.1] Generating 4 cars at [4,0]
[0:15:45.7] [6,5] BUILDING Created
[0:15:45.7] Generating 0 cars at [3,1]
[0:15:45.7] Generating 1 cars at [4,0]
[0:15:47.6] Generating 4 cars at [5,1]
[0:15:55.5] Generating 3 cars at [4,2]
[0:16:8.2] [6,6] BUILDING Created
[0:16:8.2] Generating 6 cars at [3,4]
[0:16:19.8] Generating 3 cars at [4,3]
[0:16:25.6] Generating 5 cars at [5,4]
[0:16:35.2] Generating 7 cars at [4,5]
[0:16:56.2] [6,7] BUILDING Created
[0:16:56.2] Generating 5 cars at [3,7]
[0:17:6.3] Generating 6 cars at [4,6]
[0:17:18.5] Generating 7 cars at [5,7]
[0:17:33.0] Generating 7 cars at [4,8]
[0:17:56.9] [6,8] PARK Created
[0:17:56.9] Generating 4 cars at [3,10]
[0:18:5.5] Generating 0 cars at [4,9]
[0:18:5.5] Generating 2 cars at [5,10]
[0:18:9.8] Generating 1 cars at [4,11]
[0:18:14.7] [6,9] BUILDING Created
[0:18:14.7] Generating 3 cars at [4,15]
[0:18:21.2] Generating 0 cars at [3,13]
[0:18:21.2] Generating 2 cars at [4,12]
[0:18:25.6] Generating 7 cars at [5,13]
[0:18:40.9] Generating 0 cars at [4,14]
[0:18:49.5] [7,0] BUILDING Created
[0:18:49.5] Generating 7 cars at [7,-15]
[0:19:4.9] Generating 6 cars at [6,-13]
[0:19:18.6] Generating 0 cars at [7,-14]
[0:19:18.6] Generating 5 cars at [8,-13]
[0:19:30.1] Generating 5 cars at [7,-12]
[0:19:45.8] [7,1] BUILDING Created
[0:19:45.8] Generating 2 cars at [6,-10]
[0:19:50.5] Generating 6 cars at [7,-11]
[0:20:4.4] Generating 2 cars at [8,-10]
[0:20:9.1] Generating 2 cars at [7,-9]
[0:20:13.9] Generating 1 cars at [7,-7]
[0:20:16.2] Generating 5 cars at [7,-7]
[0:20:33.2] [7,2] BUILDING Created
[0:20:33.2] Generating 3 cars at [6,-7]
[0:20:40.3] Generating 2 cars at [7,-8]
[0:20:45.0] Generating 0 cars at [8,-7]
[0:20:45.0] Generating 1 cars at [7,-6]
[0:20:47.4] Generating 2 cars at [7,-4]
[0:20:52.2] Generating 7 cars at [7,-4]
[0:21:14.4] [7,3] BUILDING Created
[0:21:14.4] Generating 2 cars at [6,-4]
[0:21:19.4] Generating 0 cars at [7,-5]
[0:21:19.4] Generating 7 cars at [8,-4]
[0:21:36.9] Generating 6 cars at [7,-3]
[0:22:5.7] [7,4] BUILDING Created
[0:22:5.7] Generating 3 cars at [6,-1]
[0:22:13.5] Generating 3 cars at [7,-2]
[0:22:21.4] Generating 4 cars at [8,-1]
[0:22:32.0] Generating 1 cars at [7,0]
[0:22:45.4] [7,5] BUILDING Created
[0:22:45.4] Generating 2 cars at [6,1]
[0:22:50.6] Generating 4 cars at [7,0]
[0:23:1.1] Generating 1 cars at [8,1]
[0:23:3.6] Generating 1 cars at [7,2]
[0:23:19.5] [7,6] BUILDING Created
[0:23:19.5] Generating 4 cars at [6,4]
[0:23:29.7] Generating 6 cars at [7,3]
[0:23:45.2] Generating 0 cars at [8,4]
[0:23:45.2] Generating 2 cars at [7,5]
[0:24:0.7] [7,7] BUILDING Created
[0:24:0.7] Generating 2 cars at [6,7]
[0:24:5.9] Generating 4 cars at [7,6]
[0:24:16.3] Generating 1 cars at [8,7]
[0:24:18.9] Generating 5 cars at [7,8]
[0:24:39.4] [7,8] PARK Created
[0:24:39.4] Generating 6 cars at [6,10]
[0:24:55.4] Generating 4 cars at [7,9]
[0:25:6.1] Generating 3 cars at [8,10]
[0:25:14.1] Generating 2 cars at [7,11]
[0:25:29.0] [7,9] BUILDING Created
[0:25:29.0] Generating 3 cars at [7,15]
[0:25:37.2] Generating 6 cars at [6,13]
[0:25:53.8] Generating 5 cars at [7,12]
[0:26:7.7] Generating 0 cars at [8,13]
[0:26:7.7] Generating 5 cars at [7,14]
[0:26:28.8] [8,0] BUILDING Created
[0:26:28.8] Generating 2 cars at [10,-15]
[0:26:34.5] Generating 7 cars at [9,-13]
[0:26:55.3] Generating 3 cars at [10,-14]
[0:27:4.2] Generating 6 cars at [11,-13]
[0:27:21.8] Generating 3 cars at [10,-12]
[0:27:42.6] [8,1] BUILDING Created
[0:27:42.6] Generating 5 cars at [9,-10]
[0:27:57.3] Generating 6 cars at [10,-11]
[0:28:15.0] Generating 3 cars at [11,-10]
[0:28:24.0] Generating 1 cars at [10,-9]
[0:28:32.2] [8,2] BUILDING Created
[0:28:32.2] Generating 5 cars at [9,-7]
[0:28:47.6] Generating 3 cars at [10,-8]
[0:28:56.6] Generating 2 cars at [11,-7]
[0:29:2.8] Generating 7 cars at [10,-6]
[0:29:24.4] Generating 6 cars at [10,-4]
[0:29:43.0] Generating 4 cars at [10,-4]
[0:30:1.9] [8,3] BUILDING Created
[0:30:1.9] Generating 7 cars at [9,-4]
[0:30:23.9] Generating 0 cars at [10,-5]
[0:30:23.9] Generating 4 cars at [11,-4]
[0:30:36.5] Generating 2 cars at [10,-3]
[0:30:48.4] [8,4] BUILDING Created
[0:30:48.4] Generating 5 cars at [9,-1]
[0:31:4.3] Generating 4 cars at [10,-2]
[0:31:17.0] Generating 3 cars at [11,-1]
[0:31:26.5] Generating 5 cars at [10,0]
[0:31:54.1] [8,5] BUILDING Created
[0:31:54.1] Generating 6 cars at [9,1]
[0:32:13.7] Generating 3 cars at [10,0]
[0:32:23.5] Generating 3 cars at [11,1]
[0:32:33.4] Generating 3 cars at [10,2]
[0:33:0.7] [8,6] BUILDING Created
[0:33:0.7] Generating 0 cars at [9,4]
[0:33:0.7] Generating 0 cars at [10,3]
[0:33:0.7] Generating 7 cars at [11,4]
[0:33:24.3] Generating 1 cars at [10,5]
[0:33:37.8] [8,7] BUILDING Created
[0:33:37.8] Generating 6 cars at [9,7]
[0:33:58.3] Generating 5 cars at [10,6]
[0:34:15.5] Generating 0 cars at [11,7]
[0:34:15.5] Generating 1 cars at [10,8]
[0:34:19.0] Generating 3 cars at [10,10]
[0:34:29.3] Generating 6 cars at [10,10]
[0:34:57.2] [8,8] BUILDING Created
[0:34:57.2] Generating 1 cars at [9,10]
[0:35:0.7] Generating 6 cars at [10,9]
[0:35:22.0] Generating 4 cars at [11,10]
[0:35:36.3] Generating 1 cars at [10,11]
[0:35:50.7] [8,9] BUILDING Created
[0:35:50.7] Generating 7 cars at [10,15]
[0:36:16.0] Generating 7 cars at [9,13]
[0:36:41.4] Generating 5 cars at [10,12]
[0:36:59.8] Generating 7 cars at [11,13]
[0:37:25.7] Generating 1 cars at [10,14]
[0:37:42.6] [9,0] PARK Created
[0:37:42.6] Generating 0 cars at [13,-15]
[0:37:42.6] Generating 1 cars at [15,-13]
[0:37:46.3] Generating 6 cars at [12,-13]
[0:38:8.9] Generating 6 cars at [13,-14]
[0:38:31.6] Generating 0 cars at [14,-13]
[0:38:31.6] Generating 1 cars at [13,-12]
[0:38:55.3] [9,1] BUILDING Created
[0:38:55.3] Generating 6 cars at [15,-10]
[0:39:18.4] Generating 7 cars at [12,-10]
[0:39:45.4] Generating 4 cars at [13,-11]
[0:40:0.9] Generating 7 cars at [14,-10]
[0:40:28.3] Generating 5 cars at [13,-9]
[0:40:58.9] [9,2] PARK Created
[0:40:58.9] Generating 5 cars at [15,-7]
[0:41:18.5] Generating 3 cars at [12,-7]
[0:41:30.2] Generating 5 cars at [13,-8]
[0:41:49.7] Generating 3 cars at [14,-7]
[0:42:1.6] Generating 7 cars at [13,-6]
[0:42:45.1] [9,3] BUILDING Created
[0:42:45.1] Generating 3 cars at [15,-4]
[0:42:57.2] Generating 3 cars at [12,-4]
[0:43:9.2] Generating 0 cars at [13,-5]
[0:43:9.2] Generating 0 cars at [14,-4]
[0:43:9.2] Generating 7 cars at [13,-3]
[0:43:59.3] [9,4] BUILDING Created
[0:43:59.3] Generating 7 cars at [15,-1]
[0:44:28.1] Generating 7 cars at [12,-1]
[0:44:57.1] Generating 6 cars at [13,-2]
[0:45:22.3] Generating 5 cars at [14,-1]
[0:45:43.5] Generating 2 cars at [13,0]
[0:45:59.4] [9,5] BUILDING Created
[0:45:59.4] Generating 2 cars at [15,1]
[0:46:7.9] Generating 3 cars at [12,1]
[0:46:20.7] Generating 3 cars at [13,0]
[0:46:33.5] Generating 0 cars at [14,1]
[0:46:33.5] Generating 3 cars at [13,2]
[0:46:53.9] [9,6] BUILDING Created
[0:46:53.9] Generating 1 cars at [15,4]
[0:46:58.2] Generating 7 cars at [12,4]
[0:47:28.3] Generating 5 cars at [13,3]
[0:47:50.0] Generating 6 cars at [14,4]
[0:48:16.2] Generating 5 cars at [13,5]
[0:48:56.9] [9,7] PARK Created
[0:48:56.9] Generating 0 cars at [15,7]
[0:48:56.9] Generating 3 cars at [12,7]
[0:49:10.3] Generating 7 cars at [13,6]
[0:49:41.6] Generating 3 cars at [14,7]
[0:49:55.1] Generating 1 cars at [13,8]
[0:50:13.1] [9,8] BUILDING Created
[0:50:13.1] Generating 0 cars at [15,10]
[0:50:13.1] Generating 2 cars at [12,10]
[0:50:22.1] Generating 5 cars at [13,9]
[0:50:44.8] Generating 6 cars at [14,10]
[0:51:12.2] Generating 4 cars at [13,11]
[0:51:38.8] [9,9] BUILDING Created
[0:51:38.8] Generating 0 cars at [15,13]
[0:51:38.8] Generating 5 cars at [13,15]
[0:52:2.3] Generating 2 cars at [12,13]
[0:52:11.7] Generating 6 cars at [13,12]
[0:52:40.1] Generating 1 cars at [14,13]
[0:52:44.8] Generating 2 cars at [13,14]
[0:52:54.3] Creating the ground...
[0:52:55.5] create_city_border called...
[0:52:55.5] Creating the beach front...
[0:53:3.9] Beach random variation
[0:53:18.3] Creating the mountain outskirts...
[0:53:24.1] Mountain random variation in X
[0:57:20.0] Mountain random variation in Y
[1:1:35.1] Creating the skybox...
[1:1:37.8] Creating the sea level...
[1:1:39.2] Setting up the cameras...
[1:1:45.8] Taking pictures of the city...
[1:1:54.7] Tiles Rows: 10
[1:1:54.7] Tiles Cols: 10
[1:1:54.7] end logging
